# JRE version: OpenJDK Runtime Environment (8.0_302-b08) (build 1.8.0_302-b08)
# Java VM: OpenJDK 64-Bit Server VM (25.302-b08 mixed mode windows-amd64 compressed oops)
Heap:
 PSYoungGen      total 294400K, used 26671K [0x00000000eab00000, 0x00000000fde80000, 0x0000000100000000)
  eden space 285696K, 6% used [0x00000000eab00000,0x00000000ebc93920,0x00000000fc200000)
  from space 8704K, 99% used [0x00000000fd000000,0x00000000fd8784a8,0x00000000fd880000)
  to   space 14336K, 0% used [0x00000000fc200000,0x00000000fc200000,0x00000000fd000000)
 ParOldGen       total 44544K, used 26334K [0x00000000c0000000, 0x00000000c2b80000, 0x00000000eab00000)
  object space 44544K, 59% used [0x00000000c0000000,0x00000000c19b7890,0x00000000c2b80000)
 Metaspace       used 53816K, capacity 56478K, committed 56704K, reserved 1097728K
  class space    used 7232K, capacity 7685K, committed 7808K, reserved 1048576K
GC Heap History (10 events):
Event: 4.049 GC heap before
{Heap before GC invocations=10 (full 1):
 PSYoungGen      total 137216K, used 1512K [0x00000000eab00000, 0x00000000f8500000, 0x0000000100000000)
  eden space 131072K, 0% used [0x00000000eab00000,0x00000000eab00000,0x00000000f2b00000)
  from space 6144K, 24% used [0x00000000f2b00000,0x00000000f2c7a0f0,0x00000000f3100000)
  to   space 6656K, 0% used [0x00000000f7e80000,0x00000000f7e80000,0x00000000f8500000)
 ParOldGen       total 44032K, used 10509K [0x00000000c0000000, 0x00000000c2b00000, 0x00000000eab00000)
  object space 44032K, 23% used [0x00000000c0000000,0x00000000c0a437b8,0x00000000c2b00000)
 Metaspace       used 20314K, capacity 21094K, committed 21248K, reserved 1067008K
  class space    used 2492K, capacity 2699K, committed 2816K, reserved 1048576K
Event: 4.088 GC heap after
Heap after GC invocations=10 (full 1):
 PSYoungGen      total 137216K, used 0K [0x00000000eab00000, 0x00000000f8500000, 0x0000000100000000)
  eden space 131072K, 0% used [0x00000000eab00000,0x00000000eab00000,0x00000000f2b00000)
  from space 6144K, 0% used [0x00000000f2b00000,0x00000000f2b00000,0x00000000f3100000)
  to   space 6656K, 0% used [0x00000000f7e80000,0x00000000f7e80000,0x00000000f8500000)
 ParOldGen       total 27648K, used 5340K [0x00000000c0000000, 0x00000000c1b00000, 0x00000000eab00000)
  object space 27648K, 19% used [0x00000000c0000000,0x00000000c05373b0,0x00000000c1b00000)
 Metaspace       used 20312K, capacity 21088K, committed 21248K, reserved 1067008K
  class space    used 2492K, capacity 2698K, committed 2816K, reserved 1048576K
}
Event: 5.964 GC heap before
{Heap before GC invocations=11 (full 1):
 PSYoungGen      total 137216K, used 131072K [0x00000000eab00000, 0x00000000f8500000, 0x0000000100000000)
  eden space 131072K, 100% used [0x00000000eab00000,0x00000000f2b00000,0x00000000f2b00000)
  from space 6144K, 0% used [0x00000000f2b00000,0x00000000f2b00000,0x00000000f3100000)
  to   space 6656K, 0% used [0x00000000f7e80000,0x00000000f7e80000,0x00000000f8500000)
 ParOldGen       total 27648K, used 5340K [0x00000000c0000000, 0x00000000c1b00000, 0x00000000eab00000)
  object space 27648K, 19% used [0x00000000c0000000,0x00000000c05373b0,0x00000000c1b00000)
 Metaspace       used 28812K, capacity 30422K, committed 30592K, reserved 1075200K
  class space    used 3657K, capacity 3937K, committed 3968K, reserved 1048576K
Event: 5.980 GC heap after
Heap after GC invocations=11 (full 1):
 PSYoungGen      total 203264K, used 6636K [0x00000000eab00000, 0x00000000f8500000, 0x0000000100000000)
  eden space 196608K, 0% used [0x00000000eab00000,0x00000000eab00000,0x00000000f6b00000)
  from space 6656K, 99% used [0x00000000f7e80000,0x00000000f84fb168,0x00000000f8500000)
  to   space 8704K, 0% used [0x00000000f7400000,0x00000000f7400000,0x00000000f7c80000)
 ParOldGen       total 27648K, used 9302K [0x00000000c0000000, 0x00000000c1b00000, 0x00000000eab00000)
  object space 27648K, 33% used [0x00000000c0000000,0x00000000c09158e0,0x00000000c1b00000)
 Metaspace       used 28812K, capacity 30422K, committed 30592K, reserved 1075200K
  class space    used 3657K, capacity 3937K, committed 3968K, reserved 1048576K
}
Event: 7.028 GC heap before
{Heap before GC invocations=12 (full 1):
 PSYoungGen      total 203264K, used 58982K [0x00000000eab00000, 0x00000000f8500000, 0x0000000100000000)
  eden space 196608K, 26% used [0x00000000eab00000,0x00000000ede1e810,0x00000000f6b00000)
  from space 6656K, 99% used [0x00000000f7e80000,0x00000000f84fb168,0x00000000f8500000)
  to   space 8704K, 0% used [0x00000000f7400000,0x00000000f7400000,0x00000000f7c80000)
 ParOldGen       total 27648K, used 9302K [0x00000000c0000000, 0x00000000c1b00000, 0x00000000eab00000)
  object space 27648K, 33% used [0x00000000c0000000,0x00000000c09158e0,0x00000000c1b00000)
 Metaspace       used 33540K, capacity 35308K, committed 35416K, reserved 1081344K
  class space    used 4220K, capacity 4544K, committed 4608K, reserved 1048576K
Event: 7.046 GC heap after
Heap after GC invocations=12 (full 1):
 PSYoungGen      total 214528K, used 5704K [0x00000000eab00000, 0x00000000fd880000, 0x0000000100000000)
  eden space 205824K, 0% used [0x00000000eab00000,0x00000000eab00000,0x00000000f7400000)
  from space 8704K, 65% used [0x00000000f7400000,0x00000000f79923d0,0x00000000f7c80000)
  to   space 8704K, 0% used [0x00000000fd000000,0x00000000fd000000,0x00000000fd880000)
 ParOldGen       total 27648K, used 13467K [0x00000000c0000000, 0x00000000c1b00000, 0x00000000eab00000)
  object space 27648K, 48% used [0x00000000c0000000,0x00000000c0d26f18,0x00000000c1b00000)
 Metaspace       used 33540K, capacity 35308K, committed 35416K, reserved 1081344K
  class space    used 4220K, capacity 4544K, committed 4608K, reserved 1048576K
}
Event: 7.046 GC heap before
{Heap before GC invocations=13 (full 2):
 PSYoungGen      total 214528K, used 5704K [0x00000000eab00000, 0x00000000fd880000, 0x0000000100000000)
  eden space 205824K, 0% used [0x00000000eab00000,0x00000000eab00000,0x00000000f7400000)
  from space 8704K, 65% used [0x00000000f7400000,0x00000000f79923d0,0x00000000f7c80000)
  to   space 8704K, 0% used [0x00000000fd000000,0x00000000fd000000,0x00000000fd880000)
 ParOldGen       total 27648K, used 13467K [0x00000000c0000000, 0x00000000c1b00000, 0x00000000eab00000)
  object space 27648K, 48% used [0x00000000c0000000,0x00000000c0d26f18,0x00000000c1b00000)
 Metaspace       used 33540K, capacity 35308K, committed 35416K, reserved 1081344K
  class space    used 4220K, capacity 4544K, committed 4608K, reserved 1048576K
Event: 7.113 GC heap after
Heap after GC invocations=13 (full 2):
 PSYoungGen      total 214528K, used 0K [0x00000000eab00000, 0x00000000fd880000, 0x0000000100000000)
  eden space 205824K, 0% used [0x00000000eab00000,0x00000000eab00000,0x00000000f7400000)
  from space 8704K, 0% used [0x00000000f7400000,0x00000000f7400000,0x00000000f7c80000)
  to   space 8704K, 0% used [0x00000000fd000000,0x00000000fd000000,0x00000000fd880000)
 ParOldGen       total 44544K, used 14761K [0x00000000c0000000, 0x00000000c2b80000, 0x00000000eab00000)
  object space 44544K, 33% used [0x00000000c0000000,0x00000000c0e6a5f0,0x00000000c2b80000)
 Metaspace       used 33540K, capacity 35308K, committed 35416K, reserved 1081344K
  class space    used 4220K, capacity 4544K, committed 4608K, reserved 1048576K
}
Event: 19.092 GC heap before
{Heap before GC invocations=14 (full 2):
 PSYoungGen      total 214528K, used 205824K [0x00000000eab00000, 0x00000000fd880000, 0x0000000100000000)
  eden space 205824K, 100% used [0x00000000eab00000,0x00000000f7400000,0x00000000f7400000)
  from space 8704K, 0% used [0x00000000f7400000,0x00000000f7400000,0x00000000f7c80000)
  to   space 8704K, 0% used [0x00000000fd000000,0x00000000fd000000,0x00000000fd880000)
 ParOldGen       total 44544K, used 14761K [0x00000000c0000000, 0x00000000c2b80000, 0x00000000eab00000)
  object space 44544K, 33% used [0x00000000c0000000,0x00000000c0e6a5f0,0x00000000c2b80000)
 Metaspace       used 52925K, capacity 55240K, committed 55424K, reserved 1097728K
  class space    used 7083K, capacity 7500K, committed 7552K, reserved 1048576K
Event: 19.142 GC heap after
Heap after GC invocations=14 (full 2):
 PSYoungGen      total 294400K, used 8673K [0x00000000eab00000, 0x00000000fde80000, 0x0000000100000000)
  eden space 285696K, 0% used [0x00000000eab00000,0x00000000eab00000,0x00000000fc200000)
  from space 8704K, 99% used [0x00000000fd000000,0x00000000fd8784a8,0x00000000fd880000)
  to   space 14336K, 0% used [0x00000000fc200000,0x00000000fc200000,0x00000000fd000000)
 ParOldGen       total 44544K, used 26334K [0x00000000c0000000, 0x00000000c2b80000, 0x00000000eab00000)
  object space 44544K, 59% used [0x00000000c0000000,0x00000000c19b7890,0x00000000c2b80000)
 Metaspace       used 52925K, capacity 55240K, committed 55424K, reserved 1097728K
  class space    used 7083K, capacity 7500K, committed 7552K, reserved 1048576K
}

